0 info it worked if it ends with ok
1 verbose cli [ 'C:\\Program Files\\nodejs\\node.exe',
1 verbose cli   'C:\\Program Files\\nodejs\\node_modules\\npm\\bin\\npm-cli.js',
1 verbose cli   'run',
1 verbose cli   'start:prod' ]
2 info using npm@3.10.10
3 info using node@v6.17.0
4 verbose run-script [ 'prestart:prod', 'start:prod', 'poststart:prod' ]
5 info lifecycle raiser-ai-extension@1.0.0~prestart:prod: raiser-ai-extension@1.0.0
6 silly lifecycle raiser-ai-extension@1.0.0~prestart:prod: no script for prestart:prod, continuing
7 info lifecycle raiser-ai-extension@1.0.0~start:prod: raiser-ai-extension@1.0.0
8 verbose lifecycle raiser-ai-extension@1.0.0~start:prod: unsafe-perm in lifecycle true
9 verbose lifecycle raiser-ai-extension@1.0.0~start:prod: PATH: C:\Users\karen.asatryan\AppData\Roaming\nvm\v6.17.0\node_modules\npm\bin\node-gyp-bin;C:\Users\karen.asatryan\Desktop\RaiserExtension\raiser-extension\node_modules\.bin;C:\Program Files (x86)\Common Files\Oracle\Java\java8path;C:\Program Files (x86)\Common Files\Oracle\Java\javapath;C:\Program Files (x86)\Microsoft SDKs\Azure\CLI2\wbin;C:\Windows\system32;C:\Windows;C:\Windows\System32\Wbem;C:\Windows\System32\WindowsPowerShell\v1.0\;C:\Windows\System32\OpenSSH\;C:\Program Files\dotnet\;C:\Program Files\Microsoft\Web Platform Installer\;C:\Program Files\Microsoft SQL Server\130\Tools\Binn\;c:\Program Files (x86)\Microsoft ASP.NET\ASP.NET Web Pages\v1.0\;C:\Users\karen.asatryan\AppData\Roaming\npm;C:\Program Files\Microsoft SQL Server\Client SDK\ODBC\170\Tools\Binn\;C:\Users\karen.asatryan\AppData\Roaming\nvm;C:\Program Files\nodejs;C:\Program Files\Git\cmd;C:\Program Files\TortoiseGit\bin;C:\Users\karen.asatryan\scoop\shims;C:\Users\karen.asatryan\AppData\Local\Microsoft\WindowsApps;C:\Users\karen.asatryan\AppData\Local\Programs\Microsoft VS Code\bin;C:\Users\karen.asatryan\.dotnet\tools;C:\Users\karen.asatryan\AppData\Local\Programs\Fiddler;C:\Users\karen.asatryan\.dotnet\tools;C:\Program Files (x86)\BrowserStackLocal\;C:\gstreamer\1.0\msvc_x86_64\bin;C:\Users\karen.asatryan\.dotnet\tools;C:\Users\karen.asatryan\Desktop\RaiserExtension\raiser-extension\node_modules\.bin
10 verbose lifecycle raiser-ai-extension@1.0.0~start:prod: CWD: C:\Users\karen.asatryan\Desktop\RaiserExtension\raiser-extension
11 silly lifecycle raiser-ai-extension@1.0.0~start:prod: Args: [ '/d /s /c', 'SET NODE_ENV=production & node utils/build.js' ]
12 silly lifecycle raiser-ai-extension@1.0.0~start:prod: Returned: code: 1  signal: null
13 info lifecycle raiser-ai-extension@1.0.0~start:prod: Failed to exec start:prod script
14 verbose stack Error: raiser-ai-extension@1.0.0 start:prod: `SET NODE_ENV=production & node utils/build.js`
14 verbose stack Exit status 1
14 verbose stack     at EventEmitter.<anonymous> (C:\Users\karen.asatryan\AppData\Roaming\nvm\v6.17.0\node_modules\npm\lib\utils\lifecycle.js:255:16)
14 verbose stack     at emitTwo (events.js:106:13)
14 verbose stack     at EventEmitter.emit (events.js:191:7)
14 verbose stack     at ChildProcess.<anonymous> (C:\Users\karen.asatryan\AppData\Roaming\nvm\v6.17.0\node_modules\npm\lib\utils\spawn.js:40:14)
14 verbose stack     at emitTwo (events.js:106:13)
14 verbose stack     at ChildProcess.emit (events.js:191:7)
14 verbose stack     at maybeClose (internal/child_process.js:920:16)
14 verbose stack     at Process.ChildProcess._handle.onexit (internal/child_process.js:230:5)
15 verbose pkgid raiser-ai-extension@1.0.0
16 verbose cwd C:\Users\karen.asatryan\Desktop\RaiserExtension\raiser-extension
17 error Windows_NT 10.0.19045
18 error argv "C:\\Program Files\\nodejs\\node.exe" "C:\\Program Files\\nodejs\\node_modules\\npm\\bin\\npm-cli.js" "run" "start:prod"
19 error node v6.17.0
20 error npm  v3.10.10
21 error code ELIFECYCLE
22 error raiser-ai-extension@1.0.0 start:prod: `SET NODE_ENV=production & node utils/build.js`
22 error Exit status 1
23 error Failed at the raiser-ai-extension@1.0.0 start:prod script 'SET NODE_ENV=production & node utils/build.js'.
23 error Make sure you have the latest version of node.js and npm installed.
23 error If you do, this is most likely a problem with the raiser-ai-extension package,
23 error not with npm itself.
23 error Tell the author that this fails on your system:
23 error     SET NODE_ENV=production & node utils/build.js
23 error You can get information on how to open an issue for this project with:
23 error     npm bugs raiser-ai-extension
23 error Or if that isn't available, you can get their info via:
23 error     npm owner ls raiser-ai-extension
23 error There is likely additional logging output above.
24 verbose exit [ 1, true ]
